Created by PLY (http://www.dabeaz.com/ply)

Unused terminals:

    COMEN

Grammar

Rule 0     S' -> programa
Rule 1     programa -> declaracaolista
Rule 2     declaracaolista -> declaracaolista declaracao
Rule 3     declaracaolista -> declaracao
Rule 4     declaracao -> vardeclaracao
Rule 5     declaracao -> fundeclaracao
Rule 6     vardeclaracao -> TIPO ID PVIRG
Rule 7     vardeclaracao -> TIPO ID LCOLCH NUM RCOLCH PVIRG
Rule 8     fundeclaracao -> TIPO ID LPAREN params RPAREN compostodecl
Rule 9     params -> paramlista
Rule 10    params -> empty
Rule 11    paramlista -> paramlista VIRG param
Rule 12    paramlista -> param
Rule 13    param -> TIPO ID
Rule 14    param -> TIPO ID LCOLCH RCOLCH
Rule 15    compostodecl -> LCHAVE localdeclaracoes statementlista RCHAVE
Rule 16    localdeclaracoes -> localdeclaracoes vardeclaracao
Rule 17    localdeclaracoes -> empty
Rule 18    statementlista -> statementlista statement
Rule 19    statementlista -> empty
Rule 20    statement -> expressaodecl
Rule 21    statement -> compostodecl
Rule 22    statement -> selecaodecl
Rule 23    statement -> iteracaodecl
Rule 24    statement -> retornodecl
Rule 25    expressaodecl -> expressao PVIRG
Rule 26    expressaodecl -> PVIRG
Rule 27    selecaodecl -> IF LPAREN expressao RPAREN statement
Rule 28    selecaodecl -> IF LPAREN expressao RPAREN statement ELSE statement
Rule 29    iteracaodecl -> WHILE LPAREN expressao RPAREN statement
Rule 30    retornodecl -> RETURN PVIRG
Rule 31    retornodecl -> RETURN expressao PVIRG
Rule 32    expressao -> var EQ expressao
Rule 33    expressao -> simplesexpressao
Rule 34    var -> ID
Rule 35    var -> ID LCOLCH expressao RCOLCH
Rule 36    simplesexpressao -> somaexpressao RELOP somaexpressao
Rule 37    simplesexpressao -> somaexpressao
Rule 38    somaexpressao -> somaexpressao SOMA termo
Rule 39    somaexpressao -> termo
Rule 40    termo -> termo MULT fator
Rule 41    termo -> fator
Rule 42    fator -> LPAREN expressao RPAREN
Rule 43    fator -> var
Rule 44    fator -> ativacao
Rule 45    fator -> NUM
Rule 46    ativacao -> ID LPAREN args RPAREN
Rule 47    args -> arglista
Rule 48    args -> empty
Rule 49    arglista -> arglista VIRG expressao
Rule 50    arglista -> expressao
Rule 51    empty -> <empty>

Terminals, with rules where they appear

COMEN                : 
ELSE                 : 28
EQ                   : 32
ID                   : 6 7 8 13 14 34 35 46
IF                   : 27 28
LCHAVE               : 15
LCOLCH               : 7 14 35
LPAREN               : 8 27 28 29 42 46
MULT                 : 40
NUM                  : 7 45
PVIRG                : 6 7 25 26 30 31
RCHAVE               : 15
RCOLCH               : 7 14 35
RELOP                : 36
RETURN               : 30 31
RPAREN               : 8 27 28 29 42 46
SOMA                 : 38
TIPO                 : 6 7 8 13 14
VIRG                 : 11 49
WHILE                : 29
error                : 

Nonterminals, with rules where they appear

arglista             : 47 49
args                 : 46
ativacao             : 44
compostodecl         : 8 21
declaracao           : 2 3
declaracaolista      : 1 2
empty                : 10 17 19 48
expressao            : 25 27 28 29 31 32 35 42 49 50
expressaodecl        : 20
fator                : 40 41
fundeclaracao        : 5
iteracaodecl         : 23
localdeclaracoes     : 15 16
param                : 11 12
paramlista           : 9 11
params               : 8
programa             : 0
retornodecl          : 24
selecaodecl          : 22
simplesexpressao     : 33
somaexpressao        : 36 36 37 38
statement            : 18 27 28 28 29
statementlista       : 15 18
termo                : 38 39 40
var                  : 32 43
vardeclaracao        : 4 16


state 0

    (0) S' -> . programa
    (1) programa -> . declaracaolista
    (2) declaracaolista -> . declaracaolista declaracao
    (3) declaracaolista -> . declaracao
    (4) declaracao -> . vardeclaracao
    (5) declaracao -> . fundeclaracao
    (6) vardeclaracao -> . TIPO ID PVIRG
    (7) vardeclaracao -> . TIPO ID LCOLCH NUM RCOLCH PVIRG
    (8) fundeclaracao -> . TIPO ID LPAREN params RPAREN compostodecl

    TIPO            shift and go to state 6

    programa                       shift and go to state 1
    declaracaolista                shift and go to state 2
    declaracao                     shift and go to state 3
    vardeclaracao                  shift and go to state 4
    fundeclaracao                  shift and go to state 5

state 1

    (0) S' -> programa .



state 2

    (1) programa -> declaracaolista .
    (2) declaracaolista -> declaracaolista . declaracao
    (4) declaracao -> . vardeclaracao
    (5) declaracao -> . fundeclaracao
    (6) vardeclaracao -> . TIPO ID PVIRG
    (7) vardeclaracao -> . TIPO ID LCOLCH NUM RCOLCH PVIRG
    (8) fundeclaracao -> . TIPO ID LPAREN params RPAREN compostodecl

    $end            reduce using rule 1 (programa -> declaracaolista .)
    TIPO            shift and go to state 6

    declaracao                     shift and go to state 7
    vardeclaracao                  shift and go to state 4
    fundeclaracao                  shift and go to state 5

state 3

    (3) declaracaolista -> declaracao .

    TIPO            reduce using rule 3 (declaracaolista -> declaracao .)
    $end            reduce using rule 3 (declaracaolista -> declaracao .)


state 4

    (4) declaracao -> vardeclaracao .

    TIPO            reduce using rule 4 (declaracao -> vardeclaracao .)
    $end            reduce using rule 4 (declaracao -> vardeclaracao .)


state 5

    (5) declaracao -> fundeclaracao .

    TIPO            reduce using rule 5 (declaracao -> fundeclaracao .)
    $end            reduce using rule 5 (declaracao -> fundeclaracao .)


state 6

    (6) vardeclaracao -> TIPO . ID PVIRG
    (7) vardeclaracao -> TIPO . ID LCOLCH NUM RCOLCH PVIRG
    (8) fundeclaracao -> TIPO . ID LPAREN params RPAREN compostodecl

    ID              shift and go to state 8


state 7

    (2) declaracaolista -> declaracaolista declaracao .

    TIPO            reduce using rule 2 (declaracaolista -> declaracaolista declaracao .)
    $end            reduce using rule 2 (declaracaolista -> declaracaolista declaracao .)


state 8

    (6) vardeclaracao -> TIPO ID . PVIRG
    (7) vardeclaracao -> TIPO ID . LCOLCH NUM RCOLCH PVIRG
    (8) fundeclaracao -> TIPO ID . LPAREN params RPAREN compostodecl

    PVIRG           shift and go to state 9
    LCOLCH          shift and go to state 10
    LPAREN          shift and go to state 11


state 9

    (6) vardeclaracao -> TIPO ID PVIRG .

    TIPO            reduce using rule 6 (vardeclaracao -> TIPO ID PVIRG .)
    $end            reduce using rule 6 (vardeclaracao -> TIPO ID PVIRG .)
    RCHAVE          reduce using rule 6 (vardeclaracao -> TIPO ID PVIRG .)
    PVIRG           reduce using rule 6 (vardeclaracao -> TIPO ID PVIRG .)
    LCHAVE          reduce using rule 6 (vardeclaracao -> TIPO ID PVIRG .)
    IF              reduce using rule 6 (vardeclaracao -> TIPO ID PVIRG .)
    WHILE           reduce using rule 6 (vardeclaracao -> TIPO ID PVIRG .)
    RETURN          reduce using rule 6 (vardeclaracao -> TIPO ID PVIRG .)
    ID              reduce using rule 6 (vardeclaracao -> TIPO ID PVIRG .)
    LPAREN          reduce using rule 6 (vardeclaracao -> TIPO ID PVIRG .)
    NUM             reduce using rule 6 (vardeclaracao -> TIPO ID PVIRG .)


state 10

    (7) vardeclaracao -> TIPO ID LCOLCH . NUM RCOLCH PVIRG

    NUM             shift and go to state 12


state 11

    (8) fundeclaracao -> TIPO ID LPAREN . params RPAREN compostodecl
    (9) params -> . paramlista
    (10) params -> . empty
    (11) paramlista -> . paramlista VIRG param
    (12) paramlista -> . param
    (51) empty -> .
    (13) param -> . TIPO ID
    (14) param -> . TIPO ID LCOLCH RCOLCH

    RPAREN          reduce using rule 51 (empty -> .)
    TIPO            shift and go to state 13

    params                         shift and go to state 14
    paramlista                     shift and go to state 15
    empty                          shift and go to state 16
    param                          shift and go to state 17

state 12

    (7) vardeclaracao -> TIPO ID LCOLCH NUM . RCOLCH PVIRG

    RCOLCH          shift and go to state 18


state 13

    (13) param -> TIPO . ID
    (14) param -> TIPO . ID LCOLCH RCOLCH

    ID              shift and go to state 19


state 14

    (8) fundeclaracao -> TIPO ID LPAREN params . RPAREN compostodecl

    RPAREN          shift and go to state 20


state 15

    (9) params -> paramlista .
    (11) paramlista -> paramlista . VIRG param

    RPAREN          reduce using rule 9 (params -> paramlista .)
    VIRG            shift and go to state 21


state 16

    (10) params -> empty .

    RPAREN          reduce using rule 10 (params -> empty .)


state 17

    (12) paramlista -> param .

    VIRG            reduce using rule 12 (paramlista -> param .)
    RPAREN          reduce using rule 12 (paramlista -> param .)


state 18

    (7) vardeclaracao -> TIPO ID LCOLCH NUM RCOLCH . PVIRG

    PVIRG           shift and go to state 22


state 19

    (13) param -> TIPO ID .
    (14) param -> TIPO ID . LCOLCH RCOLCH

    VIRG            reduce using rule 13 (param -> TIPO ID .)
    RPAREN          reduce using rule 13 (param -> TIPO ID .)
    LCOLCH          shift and go to state 23


state 20

    (8) fundeclaracao -> TIPO ID LPAREN params RPAREN . compostodecl
    (15) compostodecl -> . LCHAVE localdeclaracoes statementlista RCHAVE

    LCHAVE          shift and go to state 25

    compostodecl                   shift and go to state 24

state 21

    (11) paramlista -> paramlista VIRG . param
    (13) param -> . TIPO ID
    (14) param -> . TIPO ID LCOLCH RCOLCH

    TIPO            shift and go to state 13

    param                          shift and go to state 26

state 22

    (7) vardeclaracao -> TIPO ID LCOLCH NUM RCOLCH PVIRG .

    TIPO            reduce using rule 7 (vardeclaracao -> TIPO ID LCOLCH NUM RCOLCH PVIRG .)
    $end            reduce using rule 7 (vardeclaracao -> TIPO ID LCOLCH NUM RCOLCH PVIRG .)
    RCHAVE          reduce using rule 7 (vardeclaracao -> TIPO ID LCOLCH NUM RCOLCH PVIRG .)
    PVIRG           reduce using rule 7 (vardeclaracao -> TIPO ID LCOLCH NUM RCOLCH PVIRG .)
    LCHAVE          reduce using rule 7 (vardeclaracao -> TIPO ID LCOLCH NUM RCOLCH PVIRG .)
    IF              reduce using rule 7 (vardeclaracao -> TIPO ID LCOLCH NUM RCOLCH PVIRG .)
    WHILE           reduce using rule 7 (vardeclaracao -> TIPO ID LCOLCH NUM RCOLCH PVIRG .)
    RETURN          reduce using rule 7 (vardeclaracao -> TIPO ID LCOLCH NUM RCOLCH PVIRG .)
    ID              reduce using rule 7 (vardeclaracao -> TIPO ID LCOLCH NUM RCOLCH PVIRG .)
    LPAREN          reduce using rule 7 (vardeclaracao -> TIPO ID LCOLCH NUM RCOLCH PVIRG .)
    NUM             reduce using rule 7 (vardeclaracao -> TIPO ID LCOLCH NUM RCOLCH PVIRG .)


state 23

    (14) param -> TIPO ID LCOLCH . RCOLCH

    RCOLCH          shift and go to state 27


state 24

    (8) fundeclaracao -> TIPO ID LPAREN params RPAREN compostodecl .

    TIPO            reduce using rule 8 (fundeclaracao -> TIPO ID LPAREN params RPAREN compostodecl .)
    $end            reduce using rule 8 (fundeclaracao -> TIPO ID LPAREN params RPAREN compostodecl .)


state 25

    (15) compostodecl -> LCHAVE . localdeclaracoes statementlista RCHAVE
    (16) localdeclaracoes -> . localdeclaracoes vardeclaracao
    (17) localdeclaracoes -> . empty
    (51) empty -> .

    TIPO            reduce using rule 51 (empty -> .)
    RCHAVE          reduce using rule 51 (empty -> .)
    PVIRG           reduce using rule 51 (empty -> .)
    LCHAVE          reduce using rule 51 (empty -> .)
    IF              reduce using rule 51 (empty -> .)
    WHILE           reduce using rule 51 (empty -> .)
    RETURN          reduce using rule 51 (empty -> .)
    ID              reduce using rule 51 (empty -> .)
    LPAREN          reduce using rule 51 (empty -> .)
    NUM             reduce using rule 51 (empty -> .)

    localdeclaracoes               shift and go to state 28
    empty                          shift and go to state 29

state 26

    (11) paramlista -> paramlista VIRG param .

    VIRG            reduce using rule 11 (paramlista -> paramlista VIRG param .)
    RPAREN          reduce using rule 11 (paramlista -> paramlista VIRG param .)


state 27

    (14) param -> TIPO ID LCOLCH RCOLCH .

    VIRG            reduce using rule 14 (param -> TIPO ID LCOLCH RCOLCH .)
    RPAREN          reduce using rule 14 (param -> TIPO ID LCOLCH RCOLCH .)


state 28

    (15) compostodecl -> LCHAVE localdeclaracoes . statementlista RCHAVE
    (16) localdeclaracoes -> localdeclaracoes . vardeclaracao
    (18) statementlista -> . statementlista statement
    (19) statementlista -> . empty
    (6) vardeclaracao -> . TIPO ID PVIRG
    (7) vardeclaracao -> . TIPO ID LCOLCH NUM RCOLCH PVIRG
    (51) empty -> .

    TIPO            shift and go to state 33
    RCHAVE          reduce using rule 51 (empty -> .)
    PVIRG           reduce using rule 51 (empty -> .)
    LCHAVE          reduce using rule 51 (empty -> .)
    IF              reduce using rule 51 (empty -> .)
    WHILE           reduce using rule 51 (empty -> .)
    RETURN          reduce using rule 51 (empty -> .)
    ID              reduce using rule 51 (empty -> .)
    LPAREN          reduce using rule 51 (empty -> .)
    NUM             reduce using rule 51 (empty -> .)

    statementlista                 shift and go to state 30
    vardeclaracao                  shift and go to state 31
    empty                          shift and go to state 32

state 29

    (17) localdeclaracoes -> empty .

    TIPO            reduce using rule 17 (localdeclaracoes -> empty .)
    RCHAVE          reduce using rule 17 (localdeclaracoes -> empty .)
    PVIRG           reduce using rule 17 (localdeclaracoes -> empty .)
    LCHAVE          reduce using rule 17 (localdeclaracoes -> empty .)
    IF              reduce using rule 17 (localdeclaracoes -> empty .)
    WHILE           reduce using rule 17 (localdeclaracoes -> empty .)
    RETURN          reduce using rule 17 (localdeclaracoes -> empty .)
    ID              reduce using rule 17 (localdeclaracoes -> empty .)
    LPAREN          reduce using rule 17 (localdeclaracoes -> empty .)
    NUM             reduce using rule 17 (localdeclaracoes -> empty .)


state 30

    (15) compostodecl -> LCHAVE localdeclaracoes statementlista . RCHAVE
    (18) statementlista -> statementlista . statement
    (20) statement -> . expressaodecl
    (21) statement -> . compostodecl
    (22) statement -> . selecaodecl
    (23) statement -> . iteracaodecl
    (24) statement -> . retornodecl
    (25) expressaodecl -> . expressao PVIRG
    (26) expressaodecl -> . PVIRG
    (15) compostodecl -> . LCHAVE localdeclaracoes statementlista RCHAVE
    (27) selecaodecl -> . IF LPAREN expressao RPAREN statement
    (28) selecaodecl -> . IF LPAREN expressao RPAREN statement ELSE statement
    (29) iteracaodecl -> . WHILE LPAREN expressao RPAREN statement
    (30) retornodecl -> . RETURN PVIRG
    (31) retornodecl -> . RETURN expressao PVIRG
    (32) expressao -> . var EQ expressao
    (33) expressao -> . simplesexpressao
    (34) var -> . ID
    (35) var -> . ID LCOLCH expressao RCOLCH
    (36) simplesexpressao -> . somaexpressao RELOP somaexpressao
    (37) simplesexpressao -> . somaexpressao
    (38) somaexpressao -> . somaexpressao SOMA termo
    (39) somaexpressao -> . termo
    (40) termo -> . termo MULT fator
    (41) termo -> . fator
    (42) fator -> . LPAREN expressao RPAREN
    (43) fator -> . var
    (44) fator -> . ativacao
    (45) fator -> . NUM
    (46) ativacao -> . ID LPAREN args RPAREN

    RCHAVE          shift and go to state 34
    PVIRG           shift and go to state 42
    LCHAVE          shift and go to state 25
    IF              shift and go to state 43
    WHILE           shift and go to state 45
    RETURN          shift and go to state 46
    ID              shift and go to state 49
    LPAREN          shift and go to state 44
    NUM             shift and go to state 54

    statement                      shift and go to state 35
    expressaodecl                  shift and go to state 36
    compostodecl                   shift and go to state 37
    selecaodecl                    shift and go to state 38
    iteracaodecl                   shift and go to state 39
    retornodecl                    shift and go to state 40
    expressao                      shift and go to state 41
    var                            shift and go to state 47
    simplesexpressao               shift and go to state 48
    somaexpressao                  shift and go to state 50
    termo                          shift and go to state 51
    fator                          shift and go to state 52
    ativacao                       shift and go to state 53

state 31

    (16) localdeclaracoes -> localdeclaracoes vardeclaracao .

    TIPO            reduce using rule 16 (localdeclaracoes -> localdeclaracoes vardeclaracao .)
    RCHAVE          reduce using rule 16 (localdeclaracoes -> localdeclaracoes vardeclaracao .)
    PVIRG           reduce using rule 16 (localdeclaracoes -> localdeclaracoes vardeclaracao .)
    LCHAVE          reduce using rule 16 (localdeclaracoes -> localdeclaracoes vardeclaracao .)
    IF              reduce using rule 16 (localdeclaracoes -> localdeclaracoes vardeclaracao .)
    WHILE           reduce using rule 16 (localdeclaracoes -> localdeclaracoes vardeclaracao .)
    RETURN          reduce using rule 16 (localdeclaracoes -> localdeclaracoes vardeclaracao .)
    ID              reduce using rule 16 (localdeclaracoes -> localdeclaracoes vardeclaracao .)
    LPAREN          reduce using rule 16 (localdeclaracoes -> localdeclaracoes vardeclaracao .)
    NUM             reduce using rule 16 (localdeclaracoes -> localdeclaracoes vardeclaracao .)


state 32

    (19) statementlista -> empty .

    RCHAVE          reduce using rule 19 (statementlista -> empty .)
    PVIRG           reduce using rule 19 (statementlista -> empty .)
    LCHAVE          reduce using rule 19 (statementlista -> empty .)
    IF              reduce using rule 19 (statementlista -> empty .)
    WHILE           reduce using rule 19 (statementlista -> empty .)
    RETURN          reduce using rule 19 (statementlista -> empty .)
    ID              reduce using rule 19 (statementlista -> empty .)
    LPAREN          reduce using rule 19 (statementlista -> empty .)
    NUM             reduce using rule 19 (statementlista -> empty .)


state 33

    (6) vardeclaracao -> TIPO . ID PVIRG
    (7) vardeclaracao -> TIPO . ID LCOLCH NUM RCOLCH PVIRG

    ID              shift and go to state 55


state 34

    (15) compostodecl -> LCHAVE localdeclaracoes statementlista RCHAVE .

    TIPO            reduce using rule 15 (compostodecl -> LCHAVE localdeclaracoes statementlista RCHAVE .)
    $end            reduce using rule 15 (compostodecl -> LCHAVE localdeclaracoes statementlista RCHAVE .)
    RCHAVE          reduce using rule 15 (compostodecl -> LCHAVE localdeclaracoes statementlista RCHAVE .)
    PVIRG           reduce using rule 15 (compostodecl -> LCHAVE localdeclaracoes statementlista RCHAVE .)
    LCHAVE          reduce using rule 15 (compostodecl -> LCHAVE localdeclaracoes statementlista RCHAVE .)
    IF              reduce using rule 15 (compostodecl -> LCHAVE localdeclaracoes statementlista RCHAVE .)
    WHILE           reduce using rule 15 (compostodecl -> LCHAVE localdeclaracoes statementlista RCHAVE .)
    RETURN          reduce using rule 15 (compostodecl -> LCHAVE localdeclaracoes statementlista RCHAVE .)
    ID              reduce using rule 15 (compostodecl -> LCHAVE localdeclaracoes statementlista RCHAVE .)
    LPAREN          reduce using rule 15 (compostodecl -> LCHAVE localdeclaracoes statementlista RCHAVE .)
    NUM             reduce using rule 15 (compostodecl -> LCHAVE localdeclaracoes statementlista RCHAVE .)
    ELSE            reduce using rule 15 (compostodecl -> LCHAVE localdeclaracoes statementlista RCHAVE .)


state 35

    (18) statementlista -> statementlista statement .

    RCHAVE          reduce using rule 18 (statementlista -> statementlista statement .)
    PVIRG           reduce using rule 18 (statementlista -> statementlista statement .)
    LCHAVE          reduce using rule 18 (statementlista -> statementlista statement .)
    IF              reduce using rule 18 (statementlista -> statementlista statement .)
    WHILE           reduce using rule 18 (statementlista -> statementlista statement .)
    RETURN          reduce using rule 18 (statementlista -> statementlista statement .)
    ID              reduce using rule 18 (statementlista -> statementlista statement .)
    LPAREN          reduce using rule 18 (statementlista -> statementlista statement .)
    NUM             reduce using rule 18 (statementlista -> statementlista statement .)


state 36

    (20) statement -> expressaodecl .

    RCHAVE          reduce using rule 20 (statement -> expressaodecl .)
    PVIRG           reduce using rule 20 (statement -> expressaodecl .)
    LCHAVE          reduce using rule 20 (statement -> expressaodecl .)
    IF              reduce using rule 20 (statement -> expressaodecl .)
    WHILE           reduce using rule 20 (statement -> expressaodecl .)
    RETURN          reduce using rule 20 (statement -> expressaodecl .)
    ID              reduce using rule 20 (statement -> expressaodecl .)
    LPAREN          reduce using rule 20 (statement -> expressaodecl .)
    NUM             reduce using rule 20 (statement -> expressaodecl .)
    ELSE            reduce using rule 20 (statement -> expressaodecl .)


state 37

    (21) statement -> compostodecl .

    RCHAVE          reduce using rule 21 (statement -> compostodecl .)
    PVIRG           reduce using rule 21 (statement -> compostodecl .)
    LCHAVE          reduce using rule 21 (statement -> compostodecl .)
    IF              reduce using rule 21 (statement -> compostodecl .)
    WHILE           reduce using rule 21 (statement -> compostodecl .)
    RETURN          reduce using rule 21 (statement -> compostodecl .)
    ID              reduce using rule 21 (statement -> compostodecl .)
    LPAREN          reduce using rule 21 (statement -> compostodecl .)
    NUM             reduce using rule 21 (statement -> compostodecl .)
    ELSE            reduce using rule 21 (statement -> compostodecl .)


state 38

    (22) statement -> selecaodecl .

    RCHAVE          reduce using rule 22 (statement -> selecaodecl .)
    PVIRG           reduce using rule 22 (statement -> selecaodecl .)
    LCHAVE          reduce using rule 22 (statement -> selecaodecl .)
    IF              reduce using rule 22 (statement -> selecaodecl .)
    WHILE           reduce using rule 22 (statement -> selecaodecl .)
    RETURN          reduce using rule 22 (statement -> selecaodecl .)
    ID              reduce using rule 22 (statement -> selecaodecl .)
    LPAREN          reduce using rule 22 (statement -> selecaodecl .)
    NUM             reduce using rule 22 (statement -> selecaodecl .)
    ELSE            reduce using rule 22 (statement -> selecaodecl .)


state 39

    (23) statement -> iteracaodecl .

    RCHAVE          reduce using rule 23 (statement -> iteracaodecl .)
    PVIRG           reduce using rule 23 (statement -> iteracaodecl .)
    LCHAVE          reduce using rule 23 (statement -> iteracaodecl .)
    IF              reduce using rule 23 (statement -> iteracaodecl .)
    WHILE           reduce using rule 23 (statement -> iteracaodecl .)
    RETURN          reduce using rule 23 (statement -> iteracaodecl .)
    ID              reduce using rule 23 (statement -> iteracaodecl .)
    LPAREN          reduce using rule 23 (statement -> iteracaodecl .)
    NUM             reduce using rule 23 (statement -> iteracaodecl .)
    ELSE            reduce using rule 23 (statement -> iteracaodecl .)


state 40

    (24) statement -> retornodecl .

    RCHAVE          reduce using rule 24 (statement -> retornodecl .)
    PVIRG           reduce using rule 24 (statement -> retornodecl .)
    LCHAVE          reduce using rule 24 (statement -> retornodecl .)
    IF              reduce using rule 24 (statement -> retornodecl .)
    WHILE           reduce using rule 24 (statement -> retornodecl .)
    RETURN          reduce using rule 24 (statement -> retornodecl .)
    ID              reduce using rule 24 (statement -> retornodecl .)
    LPAREN          reduce using rule 24 (statement -> retornodecl .)
    NUM             reduce using rule 24 (statement -> retornodecl .)
    ELSE            reduce using rule 24 (statement -> retornodecl .)


state 41

    (25) expressaodecl -> expressao . PVIRG

    PVIRG           shift and go to state 56


state 42

    (26) expressaodecl -> PVIRG .

    RCHAVE          reduce using rule 26 (expressaodecl -> PVIRG .)
    PVIRG           reduce using rule 26 (expressaodecl -> PVIRG .)
    LCHAVE          reduce using rule 26 (expressaodecl -> PVIRG .)
    IF              reduce using rule 26 (expressaodecl -> PVIRG .)
    WHILE           reduce using rule 26 (expressaodecl -> PVIRG .)
    RETURN          reduce using rule 26 (expressaodecl -> PVIRG .)
    ID              reduce using rule 26 (expressaodecl -> PVIRG .)
    LPAREN          reduce using rule 26 (expressaodecl -> PVIRG .)
    NUM             reduce using rule 26 (expressaodecl -> PVIRG .)
    ELSE            reduce using rule 26 (expressaodecl -> PVIRG .)


state 43

    (27) selecaodecl -> IF . LPAREN expressao RPAREN statement
    (28) selecaodecl -> IF . LPAREN expressao RPAREN statement ELSE statement

    LPAREN          shift and go to state 57


state 44

    (42) fator -> LPAREN . expressao RPAREN
    (32) expressao -> . var EQ expressao
    (33) expressao -> . simplesexpressao
    (34) var -> . ID
    (35) var -> . ID LCOLCH expressao RCOLCH
    (36) simplesexpressao -> . somaexpressao RELOP somaexpressao
    (37) simplesexpressao -> . somaexpressao
    (38) somaexpressao -> . somaexpressao SOMA termo
    (39) somaexpressao -> . termo
    (40) termo -> . termo MULT fator
    (41) termo -> . fator
    (42) fator -> . LPAREN expressao RPAREN
    (43) fator -> . var
    (44) fator -> . ativacao
    (45) fator -> . NUM
    (46) ativacao -> . ID LPAREN args RPAREN

    ID              shift and go to state 49
    LPAREN          shift and go to state 44
    NUM             shift and go to state 54

    expressao                      shift and go to state 58
    var                            shift and go to state 47
    simplesexpressao               shift and go to state 48
    somaexpressao                  shift and go to state 50
    termo                          shift and go to state 51
    fator                          shift and go to state 52
    ativacao                       shift and go to state 53

state 45

    (29) iteracaodecl -> WHILE . LPAREN expressao RPAREN statement

    LPAREN          shift and go to state 59


state 46

    (30) retornodecl -> RETURN . PVIRG
    (31) retornodecl -> RETURN . expressao PVIRG
    (32) expressao -> . var EQ expressao
    (33) expressao -> . simplesexpressao
    (34) var -> . ID
    (35) var -> . ID LCOLCH expressao RCOLCH
    (36) simplesexpressao -> . somaexpressao RELOP somaexpressao
    (37) simplesexpressao -> . somaexpressao
    (38) somaexpressao -> . somaexpressao SOMA termo
    (39) somaexpressao -> . termo
    (40) termo -> . termo MULT fator
    (41) termo -> . fator
    (42) fator -> . LPAREN expressao RPAREN
    (43) fator -> . var
    (44) fator -> . ativacao
    (45) fator -> . NUM
    (46) ativacao -> . ID LPAREN args RPAREN

    PVIRG           shift and go to state 60
    ID              shift and go to state 49
    LPAREN          shift and go to state 44
    NUM             shift and go to state 54

    expressao                      shift and go to state 61
    var                            shift and go to state 47
    simplesexpressao               shift and go to state 48
    somaexpressao                  shift and go to state 50
    termo                          shift and go to state 51
    fator                          shift and go to state 52
    ativacao                       shift and go to state 53

state 47

    (32) expressao -> var . EQ expressao
    (43) fator -> var .

    EQ              shift and go to state 62
    MULT            reduce using rule 43 (fator -> var .)
    RELOP           reduce using rule 43 (fator -> var .)
    SOMA            reduce using rule 43 (fator -> var .)
    PVIRG           reduce using rule 43 (fator -> var .)
    RPAREN          reduce using rule 43 (fator -> var .)
    RCOLCH          reduce using rule 43 (fator -> var .)
    VIRG            reduce using rule 43 (fator -> var .)


state 48

    (33) expressao -> simplesexpressao .

    PVIRG           reduce using rule 33 (expressao -> simplesexpressao .)
    RPAREN          reduce using rule 33 (expressao -> simplesexpressao .)
    RCOLCH          reduce using rule 33 (expressao -> simplesexpressao .)
    VIRG            reduce using rule 33 (expressao -> simplesexpressao .)


state 49

    (34) var -> ID .
    (35) var -> ID . LCOLCH expressao RCOLCH
    (46) ativacao -> ID . LPAREN args RPAREN

    EQ              reduce using rule 34 (var -> ID .)
    MULT            reduce using rule 34 (var -> ID .)
    RELOP           reduce using rule 34 (var -> ID .)
    SOMA            reduce using rule 34 (var -> ID .)
    PVIRG           reduce using rule 34 (var -> ID .)
    RPAREN          reduce using rule 34 (var -> ID .)
    RCOLCH          reduce using rule 34 (var -> ID .)
    VIRG            reduce using rule 34 (var -> ID .)
    LCOLCH          shift and go to state 63
    LPAREN          shift and go to state 64


state 50

    (36) simplesexpressao -> somaexpressao . RELOP somaexpressao
    (37) simplesexpressao -> somaexpressao .
    (38) somaexpressao -> somaexpressao . SOMA termo

    RELOP           shift and go to state 65
    PVIRG           reduce using rule 37 (simplesexpressao -> somaexpressao .)
    RPAREN          reduce using rule 37 (simplesexpressao -> somaexpressao .)
    RCOLCH          reduce using rule 37 (simplesexpressao -> somaexpressao .)
    VIRG            reduce using rule 37 (simplesexpressao -> somaexpressao .)
    SOMA            shift and go to state 66


state 51

    (39) somaexpressao -> termo .
    (40) termo -> termo . MULT fator

    RELOP           reduce using rule 39 (somaexpressao -> termo .)
    SOMA            reduce using rule 39 (somaexpressao -> termo .)
    PVIRG           reduce using rule 39 (somaexpressao -> termo .)
    RPAREN          reduce using rule 39 (somaexpressao -> termo .)
    RCOLCH          reduce using rule 39 (somaexpressao -> termo .)
    VIRG            reduce using rule 39 (somaexpressao -> termo .)
    MULT            shift and go to state 67


state 52

    (41) termo -> fator .

    MULT            reduce using rule 41 (termo -> fator .)
    RELOP           reduce using rule 41 (termo -> fator .)
    SOMA            reduce using rule 41 (termo -> fator .)
    PVIRG           reduce using rule 41 (termo -> fator .)
    RPAREN          reduce using rule 41 (termo -> fator .)
    RCOLCH          reduce using rule 41 (termo -> fator .)
    VIRG            reduce using rule 41 (termo -> fator .)


state 53

    (44) fator -> ativacao .

    MULT            reduce using rule 44 (fator -> ativacao .)
    RELOP           reduce using rule 44 (fator -> ativacao .)
    SOMA            reduce using rule 44 (fator -> ativacao .)
    PVIRG           reduce using rule 44 (fator -> ativacao .)
    RPAREN          reduce using rule 44 (fator -> ativacao .)
    RCOLCH          reduce using rule 44 (fator -> ativacao .)
    VIRG            reduce using rule 44 (fator -> ativacao .)


state 54

    (45) fator -> NUM .

    MULT            reduce using rule 45 (fator -> NUM .)
    RELOP           reduce using rule 45 (fator -> NUM .)
    SOMA            reduce using rule 45 (fator -> NUM .)
    PVIRG           reduce using rule 45 (fator -> NUM .)
    RPAREN          reduce using rule 45 (fator -> NUM .)
    RCOLCH          reduce using rule 45 (fator -> NUM .)
    VIRG            reduce using rule 45 (fator -> NUM .)


state 55

    (6) vardeclaracao -> TIPO ID . PVIRG
    (7) vardeclaracao -> TIPO ID . LCOLCH NUM RCOLCH PVIRG

    PVIRG           shift and go to state 9
    LCOLCH          shift and go to state 10


state 56

    (25) expressaodecl -> expressao PVIRG .

    RCHAVE          reduce using rule 25 (expressaodecl -> expressao PVIRG .)
    PVIRG           reduce using rule 25 (expressaodecl -> expressao PVIRG .)
    LCHAVE          reduce using rule 25 (expressaodecl -> expressao PVIRG .)
    IF              reduce using rule 25 (expressaodecl -> expressao PVIRG .)
    WHILE           reduce using rule 25 (expressaodecl -> expressao PVIRG .)
    RETURN          reduce using rule 25 (expressaodecl -> expressao PVIRG .)
    ID              reduce using rule 25 (expressaodecl -> expressao PVIRG .)
    LPAREN          reduce using rule 25 (expressaodecl -> expressao PVIRG .)
    NUM             reduce using rule 25 (expressaodecl -> expressao PVIRG .)
    ELSE            reduce using rule 25 (expressaodecl -> expressao PVIRG .)


state 57

    (27) selecaodecl -> IF LPAREN . expressao RPAREN statement
    (28) selecaodecl -> IF LPAREN . expressao RPAREN statement ELSE statement
    (32) expressao -> . var EQ expressao
    (33) expressao -> . simplesexpressao
    (34) var -> . ID
    (35) var -> . ID LCOLCH expressao RCOLCH
    (36) simplesexpressao -> . somaexpressao RELOP somaexpressao
    (37) simplesexpressao -> . somaexpressao
    (38) somaexpressao -> . somaexpressao SOMA termo
    (39) somaexpressao -> . termo
    (40) termo -> . termo MULT fator
    (41) termo -> . fator
    (42) fator -> . LPAREN expressao RPAREN
    (43) fator -> . var
    (44) fator -> . ativacao
    (45) fator -> . NUM
    (46) ativacao -> . ID LPAREN args RPAREN

    ID              shift and go to state 49
    LPAREN          shift and go to state 44
    NUM             shift and go to state 54

    expressao                      shift and go to state 68
    var                            shift and go to state 47
    simplesexpressao               shift and go to state 48
    somaexpressao                  shift and go to state 50
    termo                          shift and go to state 51
    fator                          shift and go to state 52
    ativacao                       shift and go to state 53

state 58

    (42) fator -> LPAREN expressao . RPAREN

    RPAREN          shift and go to state 69


state 59

    (29) iteracaodecl -> WHILE LPAREN . expressao RPAREN statement
    (32) expressao -> . var EQ expressao
    (33) expressao -> . simplesexpressao
    (34) var -> . ID
    (35) var -> . ID LCOLCH expressao RCOLCH
    (36) simplesexpressao -> . somaexpressao RELOP somaexpressao
    (37) simplesexpressao -> . somaexpressao
    (38) somaexpressao -> . somaexpressao SOMA termo
    (39) somaexpressao -> . termo
    (40) termo -> . termo MULT fator
    (41) termo -> . fator
    (42) fator -> . LPAREN expressao RPAREN
    (43) fator -> . var
    (44) fator -> . ativacao
    (45) fator -> . NUM
    (46) ativacao -> . ID LPAREN args RPAREN

    ID              shift and go to state 49
    LPAREN          shift and go to state 44
    NUM             shift and go to state 54

    expressao                      shift and go to state 70
    var                            shift and go to state 47
    simplesexpressao               shift and go to state 48
    somaexpressao                  shift and go to state 50
    termo                          shift and go to state 51
    fator                          shift and go to state 52
    ativacao                       shift and go to state 53

state 60

    (30) retornodecl -> RETURN PVIRG .

    RCHAVE          reduce using rule 30 (retornodecl -> RETURN PVIRG .)
    PVIRG           reduce using rule 30 (retornodecl -> RETURN PVIRG .)
    LCHAVE          reduce using rule 30 (retornodecl -> RETURN PVIRG .)
    IF              reduce using rule 30 (retornodecl -> RETURN PVIRG .)
    WHILE           reduce using rule 30 (retornodecl -> RETURN PVIRG .)
    RETURN          reduce using rule 30 (retornodecl -> RETURN PVIRG .)
    ID              reduce using rule 30 (retornodecl -> RETURN PVIRG .)
    LPAREN          reduce using rule 30 (retornodecl -> RETURN PVIRG .)
    NUM             reduce using rule 30 (retornodecl -> RETURN PVIRG .)
    ELSE            reduce using rule 30 (retornodecl -> RETURN PVIRG .)


state 61

    (31) retornodecl -> RETURN expressao . PVIRG

    PVIRG           shift and go to state 71


state 62

    (32) expressao -> var EQ . expressao
    (32) expressao -> . var EQ expressao
    (33) expressao -> . simplesexpressao
    (34) var -> . ID
    (35) var -> . ID LCOLCH expressao RCOLCH
    (36) simplesexpressao -> . somaexpressao RELOP somaexpressao
    (37) simplesexpressao -> . somaexpressao
    (38) somaexpressao -> . somaexpressao SOMA termo
    (39) somaexpressao -> . termo
    (40) termo -> . termo MULT fator
    (41) termo -> . fator
    (42) fator -> . LPAREN expressao RPAREN
    (43) fator -> . var
    (44) fator -> . ativacao
    (45) fator -> . NUM
    (46) ativacao -> . ID LPAREN args RPAREN

    ID              shift and go to state 49
    LPAREN          shift and go to state 44
    NUM             shift and go to state 54

    var                            shift and go to state 47
    expressao                      shift and go to state 72
    simplesexpressao               shift and go to state 48
    somaexpressao                  shift and go to state 50
    termo                          shift and go to state 51
    fator                          shift and go to state 52
    ativacao                       shift and go to state 53

state 63

    (35) var -> ID LCOLCH . expressao RCOLCH
    (32) expressao -> . var EQ expressao
    (33) expressao -> . simplesexpressao
    (34) var -> . ID
    (35) var -> . ID LCOLCH expressao RCOLCH
    (36) simplesexpressao -> . somaexpressao RELOP somaexpressao
    (37) simplesexpressao -> . somaexpressao
    (38) somaexpressao -> . somaexpressao SOMA termo
    (39) somaexpressao -> . termo
    (40) termo -> . termo MULT fator
    (41) termo -> . fator
    (42) fator -> . LPAREN expressao RPAREN
    (43) fator -> . var
    (44) fator -> . ativacao
    (45) fator -> . NUM
    (46) ativacao -> . ID LPAREN args RPAREN

    ID              shift and go to state 49
    LPAREN          shift and go to state 44
    NUM             shift and go to state 54

    expressao                      shift and go to state 73
    var                            shift and go to state 47
    simplesexpressao               shift and go to state 48
    somaexpressao                  shift and go to state 50
    termo                          shift and go to state 51
    fator                          shift and go to state 52
    ativacao                       shift and go to state 53

state 64

    (46) ativacao -> ID LPAREN . args RPAREN
    (47) args -> . arglista
    (48) args -> . empty
    (49) arglista -> . arglista VIRG expressao
    (50) arglista -> . expressao
    (51) empty -> .
    (32) expressao -> . var EQ expressao
    (33) expressao -> . simplesexpressao
    (34) var -> . ID
    (35) var -> . ID LCOLCH expressao RCOLCH
    (36) simplesexpressao -> . somaexpressao RELOP somaexpressao
    (37) simplesexpressao -> . somaexpressao
    (38) somaexpressao -> . somaexpressao SOMA termo
    (39) somaexpressao -> . termo
    (40) termo -> . termo MULT fator
    (41) termo -> . fator
    (42) fator -> . LPAREN expressao RPAREN
    (43) fator -> . var
    (44) fator -> . ativacao
    (45) fator -> . NUM
    (46) ativacao -> . ID LPAREN args RPAREN

    RPAREN          reduce using rule 51 (empty -> .)
    ID              shift and go to state 49
    LPAREN          shift and go to state 44
    NUM             shift and go to state 54

    args                           shift and go to state 74
    arglista                       shift and go to state 75
    empty                          shift and go to state 76
    expressao                      shift and go to state 77
    var                            shift and go to state 47
    simplesexpressao               shift and go to state 48
    somaexpressao                  shift and go to state 50
    termo                          shift and go to state 51
    fator                          shift and go to state 52
    ativacao                       shift and go to state 53

state 65

    (36) simplesexpressao -> somaexpressao RELOP . somaexpressao
    (38) somaexpressao -> . somaexpressao SOMA termo
    (39) somaexpressao -> . termo
    (40) termo -> . termo MULT fator
    (41) termo -> . fator
    (42) fator -> . LPAREN expressao RPAREN
    (43) fator -> . var
    (44) fator -> . ativacao
    (45) fator -> . NUM
    (34) var -> . ID
    (35) var -> . ID LCOLCH expressao RCOLCH
    (46) ativacao -> . ID LPAREN args RPAREN

    LPAREN          shift and go to state 44
    NUM             shift and go to state 54
    ID              shift and go to state 49

    somaexpressao                  shift and go to state 78
    termo                          shift and go to state 51
    fator                          shift and go to state 52
    var                            shift and go to state 79
    ativacao                       shift and go to state 53

state 66

    (38) somaexpressao -> somaexpressao SOMA . termo
    (40) termo -> . termo MULT fator
    (41) termo -> . fator
    (42) fator -> . LPAREN expressao RPAREN
    (43) fator -> . var
    (44) fator -> . ativacao
    (45) fator -> . NUM
    (34) var -> . ID
    (35) var -> . ID LCOLCH expressao RCOLCH
    (46) ativacao -> . ID LPAREN args RPAREN

    LPAREN          shift and go to state 44
    NUM             shift and go to state 54
    ID              shift and go to state 49

    termo                          shift and go to state 80
    fator                          shift and go to state 52
    var                            shift and go to state 79
    ativacao                       shift and go to state 53

state 67

    (40) termo -> termo MULT . fator
    (42) fator -> . LPAREN expressao RPAREN
    (43) fator -> . var
    (44) fator -> . ativacao
    (45) fator -> . NUM
    (34) var -> . ID
    (35) var -> . ID LCOLCH expressao RCOLCH
    (46) ativacao -> . ID LPAREN args RPAREN

    LPAREN          shift and go to state 44
    NUM             shift and go to state 54
    ID              shift and go to state 49

    fator                          shift and go to state 81
    var                            shift and go to state 79
    ativacao                       shift and go to state 53

state 68

    (27) selecaodecl -> IF LPAREN expressao . RPAREN statement
    (28) selecaodecl -> IF LPAREN expressao . RPAREN statement ELSE statement

    RPAREN          shift and go to state 82


state 69

    (42) fator -> LPAREN expressao RPAREN .

    MULT            reduce using rule 42 (fator -> LPAREN expressao RPAREN .)
    RELOP           reduce using rule 42 (fator -> LPAREN expressao RPAREN .)
    SOMA            reduce using rule 42 (fator -> LPAREN expressao RPAREN .)
    PVIRG           reduce using rule 42 (fator -> LPAREN expressao RPAREN .)
    RPAREN          reduce using rule 42 (fator -> LPAREN expressao RPAREN .)
    RCOLCH          reduce using rule 42 (fator -> LPAREN expressao RPAREN .)
    VIRG            reduce using rule 42 (fator -> LPAREN expressao RPAREN .)


state 70

    (29) iteracaodecl -> WHILE LPAREN expressao . RPAREN statement

    RPAREN          shift and go to state 83


state 71

    (31) retornodecl -> RETURN expressao PVIRG .

    RCHAVE          reduce using rule 31 (retornodecl -> RETURN expressao PVIRG .)
    PVIRG           reduce using rule 31 (retornodecl -> RETURN expressao PVIRG .)
    LCHAVE          reduce using rule 31 (retornodecl -> RETURN expressao PVIRG .)
    IF              reduce using rule 31 (retornodecl -> RETURN expressao PVIRG .)
    WHILE           reduce using rule 31 (retornodecl -> RETURN expressao PVIRG .)
    RETURN          reduce using rule 31 (retornodecl -> RETURN expressao PVIRG .)
    ID              reduce using rule 31 (retornodecl -> RETURN expressao PVIRG .)
    LPAREN          reduce using rule 31 (retornodecl -> RETURN expressao PVIRG .)
    NUM             reduce using rule 31 (retornodecl -> RETURN expressao PVIRG .)
    ELSE            reduce using rule 31 (retornodecl -> RETURN expressao PVIRG .)


state 72

    (32) expressao -> var EQ expressao .

    PVIRG           reduce using rule 32 (expressao -> var EQ expressao .)
    RPAREN          reduce using rule 32 (expressao -> var EQ expressao .)
    RCOLCH          reduce using rule 32 (expressao -> var EQ expressao .)
    VIRG            reduce using rule 32 (expressao -> var EQ expressao .)


state 73

    (35) var -> ID LCOLCH expressao . RCOLCH

    RCOLCH          shift and go to state 84


state 74

    (46) ativacao -> ID LPAREN args . RPAREN

    RPAREN          shift and go to state 85


state 75

    (47) args -> arglista .
    (49) arglista -> arglista . VIRG expressao

    RPAREN          reduce using rule 47 (args -> arglista .)
    VIRG            shift and go to state 86


state 76

    (48) args -> empty .

    RPAREN          reduce using rule 48 (args -> empty .)


state 77

    (50) arglista -> expressao .

    VIRG            reduce using rule 50 (arglista -> expressao .)
    RPAREN          reduce using rule 50 (arglista -> expressao .)


state 78

    (36) simplesexpressao -> somaexpressao RELOP somaexpressao .
    (38) somaexpressao -> somaexpressao . SOMA termo

    PVIRG           reduce using rule 36 (simplesexpressao -> somaexpressao RELOP somaexpressao .)
    RPAREN          reduce using rule 36 (simplesexpressao -> somaexpressao RELOP somaexpressao .)
    RCOLCH          reduce using rule 36 (simplesexpressao -> somaexpressao RELOP somaexpressao .)
    VIRG            reduce using rule 36 (simplesexpressao -> somaexpressao RELOP somaexpressao .)
    SOMA            shift and go to state 66


state 79

    (43) fator -> var .

    MULT            reduce using rule 43 (fator -> var .)
    SOMA            reduce using rule 43 (fator -> var .)
    PVIRG           reduce using rule 43 (fator -> var .)
    RPAREN          reduce using rule 43 (fator -> var .)
    RCOLCH          reduce using rule 43 (fator -> var .)
    VIRG            reduce using rule 43 (fator -> var .)
    RELOP           reduce using rule 43 (fator -> var .)


state 80

    (38) somaexpressao -> somaexpressao SOMA termo .
    (40) termo -> termo . MULT fator

    RELOP           reduce using rule 38 (somaexpressao -> somaexpressao SOMA termo .)
    SOMA            reduce using rule 38 (somaexpressao -> somaexpressao SOMA termo .)
    PVIRG           reduce using rule 38 (somaexpressao -> somaexpressao SOMA termo .)
    RPAREN          reduce using rule 38 (somaexpressao -> somaexpressao SOMA termo .)
    RCOLCH          reduce using rule 38 (somaexpressao -> somaexpressao SOMA termo .)
    VIRG            reduce using rule 38 (somaexpressao -> somaexpressao SOMA termo .)
    MULT            shift and go to state 67


state 81

    (40) termo -> termo MULT fator .

    MULT            reduce using rule 40 (termo -> termo MULT fator .)
    RELOP           reduce using rule 40 (termo -> termo MULT fator .)
    SOMA            reduce using rule 40 (termo -> termo MULT fator .)
    PVIRG           reduce using rule 40 (termo -> termo MULT fator .)
    RPAREN          reduce using rule 40 (termo -> termo MULT fator .)
    RCOLCH          reduce using rule 40 (termo -> termo MULT fator .)
    VIRG            reduce using rule 40 (termo -> termo MULT fator .)


state 82

    (27) selecaodecl -> IF LPAREN expressao RPAREN . statement
    (28) selecaodecl -> IF LPAREN expressao RPAREN . statement ELSE statement
    (20) statement -> . expressaodecl
    (21) statement -> . compostodecl
    (22) statement -> . selecaodecl
    (23) statement -> . iteracaodecl
    (24) statement -> . retornodecl
    (25) expressaodecl -> . expressao PVIRG
    (26) expressaodecl -> . PVIRG
    (15) compostodecl -> . LCHAVE localdeclaracoes statementlista RCHAVE
    (27) selecaodecl -> . IF LPAREN expressao RPAREN statement
    (28) selecaodecl -> . IF LPAREN expressao RPAREN statement ELSE statement
    (29) iteracaodecl -> . WHILE LPAREN expressao RPAREN statement
    (30) retornodecl -> . RETURN PVIRG
    (31) retornodecl -> . RETURN expressao PVIRG
    (32) expressao -> . var EQ expressao
    (33) expressao -> . simplesexpressao
    (34) var -> . ID
    (35) var -> . ID LCOLCH expressao RCOLCH
    (36) simplesexpressao -> . somaexpressao RELOP somaexpressao
    (37) simplesexpressao -> . somaexpressao
    (38) somaexpressao -> . somaexpressao SOMA termo
    (39) somaexpressao -> . termo
    (40) termo -> . termo MULT fator
    (41) termo -> . fator
    (42) fator -> . LPAREN expressao RPAREN
    (43) fator -> . var
    (44) fator -> . ativacao
    (45) fator -> . NUM
    (46) ativacao -> . ID LPAREN args RPAREN

    PVIRG           shift and go to state 42
    LCHAVE          shift and go to state 25
    IF              shift and go to state 43
    WHILE           shift and go to state 45
    RETURN          shift and go to state 46
    ID              shift and go to state 49
    LPAREN          shift and go to state 44
    NUM             shift and go to state 54

    expressao                      shift and go to state 41
    statement                      shift and go to state 87
    expressaodecl                  shift and go to state 36
    compostodecl                   shift and go to state 37
    selecaodecl                    shift and go to state 38
    iteracaodecl                   shift and go to state 39
    retornodecl                    shift and go to state 40
    var                            shift and go to state 47
    simplesexpressao               shift and go to state 48
    somaexpressao                  shift and go to state 50
    termo                          shift and go to state 51
    fator                          shift and go to state 52
    ativacao                       shift and go to state 53

state 83

    (29) iteracaodecl -> WHILE LPAREN expressao RPAREN . statement
    (20) statement -> . expressaodecl
    (21) statement -> . compostodecl
    (22) statement -> . selecaodecl
    (23) statement -> . iteracaodecl
    (24) statement -> . retornodecl
    (25) expressaodecl -> . expressao PVIRG
    (26) expressaodecl -> . PVIRG
    (15) compostodecl -> . LCHAVE localdeclaracoes statementlista RCHAVE
    (27) selecaodecl -> . IF LPAREN expressao RPAREN statement
    (28) selecaodecl -> . IF LPAREN expressao RPAREN statement ELSE statement
    (29) iteracaodecl -> . WHILE LPAREN expressao RPAREN statement
    (30) retornodecl -> . RETURN PVIRG
    (31) retornodecl -> . RETURN expressao PVIRG
    (32) expressao -> . var EQ expressao
    (33) expressao -> . simplesexpressao
    (34) var -> . ID
    (35) var -> . ID LCOLCH expressao RCOLCH
    (36) simplesexpressao -> . somaexpressao RELOP somaexpressao
    (37) simplesexpressao -> . somaexpressao
    (38) somaexpressao -> . somaexpressao SOMA termo
    (39) somaexpressao -> . termo
    (40) termo -> . termo MULT fator
    (41) termo -> . fator
    (42) fator -> . LPAREN expressao RPAREN
    (43) fator -> . var
    (44) fator -> . ativacao
    (45) fator -> . NUM
    (46) ativacao -> . ID LPAREN args RPAREN

    PVIRG           shift and go to state 42
    LCHAVE          shift and go to state 25
    IF              shift and go to state 43
    WHILE           shift and go to state 45
    RETURN          shift and go to state 46
    ID              shift and go to state 49
    LPAREN          shift and go to state 44
    NUM             shift and go to state 54

    expressao                      shift and go to state 41
    statement                      shift and go to state 88
    expressaodecl                  shift and go to state 36
    compostodecl                   shift and go to state 37
    selecaodecl                    shift and go to state 38
    iteracaodecl                   shift and go to state 39
    retornodecl                    shift and go to state 40
    var                            shift and go to state 47
    simplesexpressao               shift and go to state 48
    somaexpressao                  shift and go to state 50
    termo                          shift and go to state 51
    fator                          shift and go to state 52
    ativacao                       shift and go to state 53

state 84

    (35) var -> ID LCOLCH expressao RCOLCH .

    EQ              reduce using rule 35 (var -> ID LCOLCH expressao RCOLCH .)
    MULT            reduce using rule 35 (var -> ID LCOLCH expressao RCOLCH .)
    RELOP           reduce using rule 35 (var -> ID LCOLCH expressao RCOLCH .)
    SOMA            reduce using rule 35 (var -> ID LCOLCH expressao RCOLCH .)
    PVIRG           reduce using rule 35 (var -> ID LCOLCH expressao RCOLCH .)
    RPAREN          reduce using rule 35 (var -> ID LCOLCH expressao RCOLCH .)
    RCOLCH          reduce using rule 35 (var -> ID LCOLCH expressao RCOLCH .)
    VIRG            reduce using rule 35 (var -> ID LCOLCH expressao RCOLCH .)


state 85

    (46) ativacao -> ID LPAREN args RPAREN .

    MULT            reduce using rule 46 (ativacao -> ID LPAREN args RPAREN .)
    RELOP           reduce using rule 46 (ativacao -> ID LPAREN args RPAREN .)
    SOMA            reduce using rule 46 (ativacao -> ID LPAREN args RPAREN .)
    PVIRG           reduce using rule 46 (ativacao -> ID LPAREN args RPAREN .)
    RPAREN          reduce using rule 46 (ativacao -> ID LPAREN args RPAREN .)
    RCOLCH          reduce using rule 46 (ativacao -> ID LPAREN args RPAREN .)
    VIRG            reduce using rule 46 (ativacao -> ID LPAREN args RPAREN .)


state 86

    (49) arglista -> arglista VIRG . expressao
    (32) expressao -> . var EQ expressao
    (33) expressao -> . simplesexpressao
    (34) var -> . ID
    (35) var -> . ID LCOLCH expressao RCOLCH
    (36) simplesexpressao -> . somaexpressao RELOP somaexpressao
    (37) simplesexpressao -> . somaexpressao
    (38) somaexpressao -> . somaexpressao SOMA termo
    (39) somaexpressao -> . termo
    (40) termo -> . termo MULT fator
    (41) termo -> . fator
    (42) fator -> . LPAREN expressao RPAREN
    (43) fator -> . var
    (44) fator -> . ativacao
    (45) fator -> . NUM
    (46) ativacao -> . ID LPAREN args RPAREN

    ID              shift and go to state 49
    LPAREN          shift and go to state 44
    NUM             shift and go to state 54

    expressao                      shift and go to state 89
    var                            shift and go to state 47
    simplesexpressao               shift and go to state 48
    somaexpressao                  shift and go to state 50
    termo                          shift and go to state 51
    fator                          shift and go to state 52
    ativacao                       shift and go to state 53

state 87

    (27) selecaodecl -> IF LPAREN expressao RPAREN statement .
    (28) selecaodecl -> IF LPAREN expressao RPAREN statement . ELSE statement

  ! shift/reduce conflict for ELSE resolved as shift
    RCHAVE          reduce using rule 27 (selecaodecl -> IF LPAREN expressao RPAREN statement .)
    PVIRG           reduce using rule 27 (selecaodecl -> IF LPAREN expressao RPAREN statement .)
    LCHAVE          reduce using rule 27 (selecaodecl -> IF LPAREN expressao RPAREN statement .)
    IF              reduce using rule 27 (selecaodecl -> IF LPAREN expressao RPAREN statement .)
    WHILE           reduce using rule 27 (selecaodecl -> IF LPAREN expressao RPAREN statement .)
    RETURN          reduce using rule 27 (selecaodecl -> IF LPAREN expressao RPAREN statement .)
    ID              reduce using rule 27 (selecaodecl -> IF LPAREN expressao RPAREN statement .)
    LPAREN          reduce using rule 27 (selecaodecl -> IF LPAREN expressao RPAREN statement .)
    NUM             reduce using rule 27 (selecaodecl -> IF LPAREN expressao RPAREN statement .)
    ELSE            shift and go to state 90

  ! ELSE            [ reduce using rule 27 (selecaodecl -> IF LPAREN expressao RPAREN statement .) ]


state 88

    (29) iteracaodecl -> WHILE LPAREN expressao RPAREN statement .

    RCHAVE          reduce using rule 29 (iteracaodecl -> WHILE LPAREN expressao RPAREN statement .)
    PVIRG           reduce using rule 29 (iteracaodecl -> WHILE LPAREN expressao RPAREN statement .)
    LCHAVE          reduce using rule 29 (iteracaodecl -> WHILE LPAREN expressao RPAREN statement .)
    IF              reduce using rule 29 (iteracaodecl -> WHILE LPAREN expressao RPAREN statement .)
    WHILE           reduce using rule 29 (iteracaodecl -> WHILE LPAREN expressao RPAREN statement .)
    RETURN          reduce using rule 29 (iteracaodecl -> WHILE LPAREN expressao RPAREN statement .)
    ID              reduce using rule 29 (iteracaodecl -> WHILE LPAREN expressao RPAREN statement .)
    LPAREN          reduce using rule 29 (iteracaodecl -> WHILE LPAREN expressao RPAREN statement .)
    NUM             reduce using rule 29 (iteracaodecl -> WHILE LPAREN expressao RPAREN statement .)
    ELSE            reduce using rule 29 (iteracaodecl -> WHILE LPAREN expressao RPAREN statement .)


state 89

    (49) arglista -> arglista VIRG expressao .

    VIRG            reduce using rule 49 (arglista -> arglista VIRG expressao .)
    RPAREN          reduce using rule 49 (arglista -> arglista VIRG expressao .)


state 90

    (28) selecaodecl -> IF LPAREN expressao RPAREN statement ELSE . statement
    (20) statement -> . expressaodecl
    (21) statement -> . compostodecl
    (22) statement -> . selecaodecl
    (23) statement -> . iteracaodecl
    (24) statement -> . retornodecl
    (25) expressaodecl -> . expressao PVIRG
    (26) expressaodecl -> . PVIRG
    (15) compostodecl -> . LCHAVE localdeclaracoes statementlista RCHAVE
    (27) selecaodecl -> . IF LPAREN expressao RPAREN statement
    (28) selecaodecl -> . IF LPAREN expressao RPAREN statement ELSE statement
    (29) iteracaodecl -> . WHILE LPAREN expressao RPAREN statement
    (30) retornodecl -> . RETURN PVIRG
    (31) retornodecl -> . RETURN expressao PVIRG
    (32) expressao -> . var EQ expressao
    (33) expressao -> . simplesexpressao
    (34) var -> . ID
    (35) var -> . ID LCOLCH expressao RCOLCH
    (36) simplesexpressao -> . somaexpressao RELOP somaexpressao
    (37) simplesexpressao -> . somaexpressao
    (38) somaexpressao -> . somaexpressao SOMA termo
    (39) somaexpressao -> . termo
    (40) termo -> . termo MULT fator
    (41) termo -> . fator
    (42) fator -> . LPAREN expressao RPAREN
    (43) fator -> . var
    (44) fator -> . ativacao
    (45) fator -> . NUM
    (46) ativacao -> . ID LPAREN args RPAREN

    PVIRG           shift and go to state 42
    LCHAVE          shift and go to state 25
    IF              shift and go to state 43
    WHILE           shift and go to state 45
    RETURN          shift and go to state 46
    ID              shift and go to state 49
    LPAREN          shift and go to state 44
    NUM             shift and go to state 54

    expressao                      shift and go to state 41
    statement                      shift and go to state 91
    expressaodecl                  shift and go to state 36
    compostodecl                   shift and go to state 37
    selecaodecl                    shift and go to state 38
    iteracaodecl                   shift and go to state 39
    retornodecl                    shift and go to state 40
    var                            shift and go to state 47
    simplesexpressao               shift and go to state 48
    somaexpressao                  shift and go to state 50
    termo                          shift and go to state 51
    fator                          shift and go to state 52
    ativacao                       shift and go to state 53

state 91

    (28) selecaodecl -> IF LPAREN expressao RPAREN statement ELSE statement .

    RCHAVE          reduce using rule 28 (selecaodecl -> IF LPAREN expressao RPAREN statement ELSE statement .)
    PVIRG           reduce using rule 28 (selecaodecl -> IF LPAREN expressao RPAREN statement ELSE statement .)
    LCHAVE          reduce using rule 28 (selecaodecl -> IF LPAREN expressao RPAREN statement ELSE statement .)
    IF              reduce using rule 28 (selecaodecl -> IF LPAREN expressao RPAREN statement ELSE statement .)
    WHILE           reduce using rule 28 (selecaodecl -> IF LPAREN expressao RPAREN statement ELSE statement .)
    RETURN          reduce using rule 28 (selecaodecl -> IF LPAREN expressao RPAREN statement ELSE statement .)
    ID              reduce using rule 28 (selecaodecl -> IF LPAREN expressao RPAREN statement ELSE statement .)
    LPAREN          reduce using rule 28 (selecaodecl -> IF LPAREN expressao RPAREN statement ELSE statement .)
    NUM             reduce using rule 28 (selecaodecl -> IF LPAREN expressao RPAREN statement ELSE statement .)
    ELSE            reduce using rule 28 (selecaodecl -> IF LPAREN expressao RPAREN statement ELSE statement .)

WARNING: 
WARNING: Conflicts:
WARNING: 
WARNING: shift/reduce conflict for ELSE in state 87 resolved as shift
